Jan-19 16:04:54.595 [main] DEBUG nextflow.cli.Launcher - $> nextflow run trim1testVCF_SP_untilannotate.nf -with-docker container -resume
Jan-19 16:04:54.729 [main] INFO  nextflow.cli.CmdRun - N E X T F L O W  ~  version 20.10.0
Jan-19 16:04:54.744 [main] INFO  nextflow.cli.CmdRun - Launching `trim1testVCF_SP_untilannotate.nf` [peaceful_gutenberg] - revision: e7880167a2
Jan-19 16:04:54.768 [main] DEBUG nextflow.config.ConfigBuilder - Found config local: /Users/subinpark/Downloads/nextflow_cloud/nextflow.config
Jan-19 16:04:54.769 [main] DEBUG nextflow.config.ConfigBuilder - Parsing config file: /Users/subinpark/Downloads/nextflow_cloud/nextflow.config
Jan-19 16:04:54.793 [main] DEBUG nextflow.config.ConfigBuilder - Applying config profile: `standard`
Jan-19 16:04:55.446 [main] DEBUG nextflow.config.ConfigBuilder - Enabling execution in Docker container as requested by cli option `-with-docker container`
Jan-19 16:04:55.491 [main] DEBUG nextflow.Session - Session uuid: c800da78-316d-444f-84b7-2b218cd4120e
Jan-19 16:04:55.491 [main] DEBUG nextflow.Session - Run name: peaceful_gutenberg
Jan-19 16:04:55.492 [main] DEBUG nextflow.Session - Executor pool size: 16
Jan-19 16:04:55.533 [main] DEBUG nextflow.cli.CmdRun - 
  Version: 20.10.0 build 5430
  Created: 01-11-2020 15:14 UTC (10:14 EDT)
  System: Mac OS X 10.15.7
  Runtime: Groovy 3.0.5 on Java HotSpot(TM) 64-Bit Server VM 15+36-1562
  Encoding: UTF-8 (UTF-8)
  Process: 63520@adminusers-MBP.attlocal.net [192.168.1.116]
  CPUs: 16 - Mem: 32 GB (454.2 MB) - Swap: 7 GB (1.1 GB)
Jan-19 16:04:55.569 [main] DEBUG nextflow.Session - Work-dir: /Users/subinpark/Downloads/nextflow_cloud/work [Mac OS X]
Jan-19 16:04:55.569 [main] DEBUG nextflow.Session - Script base path does not exist or is not a directory: /Users/subinpark/Downloads/nextflow_cloud/bin
Jan-19 16:04:55.615 [main] DEBUG nextflow.Session - Observer factory: TowerFactory
Jan-19 16:04:55.618 [main] DEBUG nextflow.Session - Observer factory: DefaultObserverFactory
Jan-19 16:04:55.805 [main] DEBUG nextflow.Session - Session start invoked
Jan-19 16:04:57.016 [main] DEBUG nextflow.script.ScriptRunner - > Launching execution
Jan-19 16:04:57.026 [main] DEBUG nextflow.Session - Workflow process names [dsl1]: GenerateVCF, merge_local, combineFastq, postFastQC, annotate, trimFastq, vartpype, alignReads, spread, processAlignments, filter, extract, buildIndex, preFastQC
Jan-19 16:04:57.058 [PathVisitor-1] DEBUG nextflow.file.PathVisitor - files for syntax: glob; folder: fq/; pattern: *{R1,R2}*.fastq.gz; options: [:]
Jan-19 16:04:57.203 [main] DEBUG nextflow.executor.ExecutorFactory - << taskConfig executor: null
Jan-19 16:04:57.204 [main] DEBUG nextflow.executor.ExecutorFactory - >> processorType: 'local'
Jan-19 16:04:57.208 [main] DEBUG nextflow.executor.Executor - [warm up] executor > local
Jan-19 16:04:57.214 [main] DEBUG n.processor.LocalPollingMonitor - Creating local task monitor for executor 'local' > cpus=16; memory=32 GB; capacity=16; pollInterval=100ms; dumpInterval=5m
Jan-19 16:04:57.320 [main] DEBUG nextflow.executor.ExecutorFactory - << taskConfig executor: null
Jan-19 16:04:57.320 [main] DEBUG nextflow.executor.ExecutorFactory - >> processorType: 'local'
Jan-19 16:04:57.336 [main] DEBUG nextflow.executor.ExecutorFactory - << taskConfig executor: null
Jan-19 16:04:57.336 [main] DEBUG nextflow.executor.ExecutorFactory - >> processorType: 'local'
Jan-19 16:04:57.350 [main] DEBUG nextflow.executor.ExecutorFactory - << taskConfig executor: null
Jan-19 16:04:57.351 [main] DEBUG nextflow.executor.ExecutorFactory - >> processorType: 'local'
Jan-19 16:04:57.361 [main] DEBUG nextflow.executor.ExecutorFactory - << taskConfig executor: null
Jan-19 16:04:57.361 [main] DEBUG nextflow.executor.ExecutorFactory - >> processorType: 'local'
Jan-19 16:04:57.380 [main] DEBUG nextflow.executor.ExecutorFactory - << taskConfig executor: null
Jan-19 16:04:57.380 [main] DEBUG nextflow.executor.ExecutorFactory - >> processorType: 'local'
Jan-19 16:04:57.400 [main] DEBUG nextflow.executor.ExecutorFactory - << taskConfig executor: null
Jan-19 16:04:57.400 [main] DEBUG nextflow.executor.ExecutorFactory - >> processorType: 'local'
Jan-19 16:04:57.424 [main] DEBUG nextflow.executor.ExecutorFactory - << taskConfig executor: null
Jan-19 16:04:57.424 [main] DEBUG nextflow.executor.ExecutorFactory - >> processorType: 'local'
Jan-19 16:04:57.437 [main] DEBUG nextflow.executor.ExecutorFactory - << taskConfig executor: null
Jan-19 16:04:57.437 [main] DEBUG nextflow.executor.ExecutorFactory - >> processorType: 'local'
Jan-19 16:04:57.447 [main] DEBUG nextflow.executor.ExecutorFactory - << taskConfig executor: null
Jan-19 16:04:57.447 [main] DEBUG nextflow.executor.ExecutorFactory - >> processorType: 'local'
Jan-19 16:04:57.465 [main] DEBUG nextflow.executor.ExecutorFactory - << taskConfig executor: null
Jan-19 16:04:57.466 [main] DEBUG nextflow.executor.ExecutorFactory - >> processorType: 'local'
Jan-19 16:04:57.473 [main] DEBUG nextflow.executor.ExecutorFactory - << taskConfig executor: null
Jan-19 16:04:57.473 [main] DEBUG nextflow.executor.ExecutorFactory - >> processorType: 'local'
Jan-19 16:04:57.482 [main] DEBUG nextflow.executor.ExecutorFactory - << taskConfig executor: null
Jan-19 16:04:57.483 [main] DEBUG nextflow.executor.ExecutorFactory - >> processorType: 'local'
Jan-19 16:04:57.494 [main] DEBUG nextflow.executor.ExecutorFactory - << taskConfig executor: null
Jan-19 16:04:57.494 [main] DEBUG nextflow.executor.ExecutorFactory - >> processorType: 'local'
Jan-19 16:04:57.500 [main] DEBUG nextflow.script.ScriptRunner - > Await termination 
Jan-19 16:04:57.500 [main] DEBUG nextflow.Session - Session await
Jan-19 16:04:57.536 [Actor Thread 3] INFO  nextflow.processor.TaskProcessor - [1d/944f13] Cached process > combineFastq (1)
Jan-19 16:04:57.536 [Actor Thread 9] INFO  nextflow.processor.TaskProcessor - [dc/0cba96] Cached process > combineFastq (7)
Jan-19 16:04:57.536 [Actor Thread 7] INFO  nextflow.processor.TaskProcessor - [3e/cf61e3] Cached process > combineFastq (5)
Jan-19 16:04:57.536 [Actor Thread 5] INFO  nextflow.processor.TaskProcessor - [45/8a5026] Cached process > combineFastq (3)
Jan-19 16:04:57.536 [Actor Thread 8] INFO  nextflow.processor.TaskProcessor - [87/afe98c] Cached process > combineFastq (6)
Jan-19 16:04:57.536 [Actor Thread 6] INFO  nextflow.processor.TaskProcessor - [05/7e39f4] Cached process > combineFastq (4)
Jan-19 16:04:57.536 [Actor Thread 10] INFO  nextflow.processor.TaskProcessor - [31/68857d] Cached process > combineFastq (8)
Jan-19 16:04:57.536 [Actor Thread 4] INFO  nextflow.processor.TaskProcessor - [92/f55c59] Cached process > combineFastq (2)
Jan-19 16:04:57.537 [Actor Thread 12] INFO  nextflow.processor.TaskProcessor - [0b/db5201] Cached process > buildIndex (6genes2)
Jan-19 16:04:57.567 [Actor Thread 22] INFO  nextflow.processor.TaskProcessor - [66/10b526] Cached process > trimFastq (2)
Jan-19 16:04:57.567 [Actor Thread 19] INFO  nextflow.processor.TaskProcessor - [fc/6e42b7] Cached process > trimFastq (1)
Jan-19 16:04:57.568 [Actor Thread 13] INFO  nextflow.processor.TaskProcessor - [65/2e4fce] Cached process > preFastQC (1)
Jan-19 16:04:57.568 [Actor Thread 23] INFO  nextflow.processor.TaskProcessor - [66/8ae7fa] Cached process > preFastQC (3)
Jan-19 16:04:57.568 [Actor Thread 18] INFO  nextflow.processor.TaskProcessor - [7c/e0a539] Cached process > preFastQC (2)
Jan-19 16:04:57.572 [Actor Thread 9] DEBUG n.util.BlockingThreadExecutorFactory - Thread pool name=FileTransfer; maxThreads=48; maxQueueSize=144; keepAlive=1m
Jan-19 16:04:57.575 [Actor Thread 24] INFO  nextflow.processor.TaskProcessor - [4f/9ec27e] Cached process > trimFastq (3)
Jan-19 16:04:57.582 [Actor Thread 26] INFO  nextflow.processor.TaskProcessor - [7d/c99ca5] Cached process > trimFastq (6)
Jan-19 16:04:57.582 [Actor Thread 30] INFO  nextflow.processor.TaskProcessor - [e6/af4d5a] Cached process > trimFastq (7)
Jan-19 16:04:57.582 [Actor Thread 28] INFO  nextflow.processor.TaskProcessor - [f8/b8ce4e] Cached process > trimFastq (5)
Jan-19 16:04:57.582 [Actor Thread 29] INFO  nextflow.processor.TaskProcessor - [6e/ef724c] Cached process > preFastQC (6)
Jan-19 16:04:57.582 [Actor Thread 21] INFO  nextflow.processor.TaskProcessor - [c8/6734cd] Cached process > preFastQC (4)
Jan-19 16:04:57.582 [Actor Thread 25] INFO  nextflow.processor.TaskProcessor - [a6/fdfb5e] Cached process > trimFastq (4)
Jan-19 16:04:57.582 [Actor Thread 31] INFO  nextflow.processor.TaskProcessor - [5e/cfcfbc] Cached process > preFastQC (7)
Jan-19 16:04:57.582 [Actor Thread 27] INFO  nextflow.processor.TaskProcessor - [fd/c74c71] Cached process > preFastQC (5)
Jan-19 16:04:57.583 [Actor Thread 33] INFO  nextflow.processor.TaskProcessor - [9e/b06346] Cached process > preFastQC (8)
Jan-19 16:04:57.583 [Actor Thread 32] INFO  nextflow.processor.TaskProcessor - [02/d29f79] Cached process > trimFastq (8)
Jan-19 16:04:57.584 [Actor Thread 14] INFO  nextflow.processor.TaskProcessor - [af/59422c] Cached process > postFastQC (1)
Jan-19 16:04:57.585 [Actor Thread 36] INFO  nextflow.processor.TaskProcessor - [40/a6783c] Cached process > postFastQC (2)
Jan-19 16:04:57.590 [Actor Thread 15] INFO  nextflow.processor.TaskProcessor - [0b/e68e42] Cached process > postFastQC (3)
Jan-19 16:04:57.600 [Actor Thread 18] INFO  nextflow.processor.TaskProcessor - [3a/6a8fe1] Cached process > postFastQC (4)
Jan-19 16:04:57.601 [Actor Thread 23] INFO  nextflow.processor.TaskProcessor - [f3/2a99ac] Cached process > postFastQC (7)
Jan-19 16:04:57.602 [Actor Thread 12] INFO  nextflow.processor.TaskProcessor - [b2/4567b8] Cached process > postFastQC (6)
Jan-19 16:04:57.602 [Actor Thread 3] INFO  nextflow.processor.TaskProcessor - [2e/eae1ac] Cached process > postFastQC (8)
Jan-19 16:04:57.603 [Actor Thread 34] INFO  nextflow.processor.TaskProcessor - [95/514406] Cached process > postFastQC (5)
Jan-19 16:04:57.610 [Actor Thread 8] INFO  nextflow.processor.TaskProcessor - [26/57fca7] Cached process > alignReads (6)
Jan-19 16:04:57.610 [Actor Thread 6] INFO  nextflow.processor.TaskProcessor - [f7/7fa937] Cached process > alignReads (8)
Jan-19 16:04:57.610 [Actor Thread 28] INFO  nextflow.processor.TaskProcessor - [87/eef967] Cached process > alignReads (5)
Jan-19 16:04:57.611 [Actor Thread 35] INFO  nextflow.processor.TaskProcessor - [29/7e9437] Cached process > alignReads (1)
Jan-19 16:04:57.611 [Actor Thread 41] INFO  nextflow.processor.TaskProcessor - [ce/00610e] Cached process > alignReads (4)
Jan-19 16:04:57.611 [Actor Thread 40] INFO  nextflow.processor.TaskProcessor - [89/7600e8] Cached process > alignReads (7)
Jan-19 16:04:57.611 [Actor Thread 37] INFO  nextflow.processor.TaskProcessor - [12/da3081] Cached process > alignReads (2)
Jan-19 16:04:57.611 [Actor Thread 39] INFO  nextflow.processor.TaskProcessor - [85/9f7c84] Cached process > alignReads (3)
Jan-19 16:04:57.620 [Actor Thread 10] INFO  nextflow.processor.TaskProcessor - [92/745b91] Cached process > processAlignments (3)
Jan-19 16:04:57.620 [Actor Thread 25] INFO  nextflow.processor.TaskProcessor - [23/f33c10] Cached process > processAlignments (1)
Jan-19 16:04:57.620 [Actor Thread 27] INFO  nextflow.processor.TaskProcessor - [fa/076c0b] Cached process > processAlignments (2)
Jan-19 16:04:57.620 [Actor Thread 14] INFO  nextflow.processor.TaskProcessor - [82/07b25f] Cached process > processAlignments (4)
Jan-19 16:04:57.621 [Actor Thread 1] INFO  nextflow.processor.TaskProcessor - [64/a613e3] Cached process > processAlignments (5)
Jan-19 16:04:57.621 [Actor Thread 35] INFO  nextflow.processor.TaskProcessor - [9c/789500] Cached process > processAlignments (7)
Jan-19 16:04:57.621 [Actor Thread 34] INFO  nextflow.processor.TaskProcessor - [20/2c5b97] Cached process > processAlignments (6)
Jan-19 16:04:57.622 [Actor Thread 41] INFO  nextflow.processor.TaskProcessor - [ab/2eca18] Cached process > processAlignments (8)
Jan-19 16:04:57.629 [Actor Thread 28] INFO  nextflow.processor.TaskProcessor - [cb/c0df0f] Cached process > GenerateVCF (2)
Jan-19 16:04:57.629 [Actor Thread 10] INFO  nextflow.processor.TaskProcessor - [eb/ed7c0b] Cached process > GenerateVCF (3)
Jan-19 16:04:57.629 [Actor Thread 40] INFO  nextflow.processor.TaskProcessor - [b1/1fd6fa] Cached process > GenerateVCF (1)
Jan-19 16:04:57.629 [Actor Thread 30] INFO  nextflow.processor.TaskProcessor - [88/561b13] Cached process > GenerateVCF (4)
Jan-19 16:04:57.629 [Actor Thread 1] INFO  nextflow.processor.TaskProcessor - [eb/2ec9b8] Cached process > GenerateVCF (5)
Jan-19 16:04:57.630 [Actor Thread 14] INFO  nextflow.processor.TaskProcessor - [0a/407f8c] Cached process > GenerateVCF (6)
Jan-19 16:04:57.631 [Actor Thread 27] INFO  nextflow.processor.TaskProcessor - [be/4a351d] Cached process > GenerateVCF (7)
Jan-19 16:04:57.632 [Actor Thread 25] INFO  nextflow.processor.TaskProcessor - [85/98c988] Cached process > GenerateVCF (8)
Jan-19 16:04:57.638 [Actor Thread 37] INFO  nextflow.processor.TaskProcessor - [29/90a68b] Cached process > annotate (2)
Jan-19 16:04:57.638 [Actor Thread 28] INFO  nextflow.processor.TaskProcessor - [27/4aa41f] Cached process > annotate (6)
Jan-19 16:04:57.639 [Actor Thread 10] INFO  nextflow.processor.TaskProcessor - [0e/d0afea] Cached process > annotate (8)
Jan-19 16:04:57.646 [Actor Thread 28] INFO  nextflow.processor.TaskProcessor - [81/02d77b] Cached process > merge_local (3)
Jan-19 16:04:57.705 [Task submitter] DEBUG nextflow.executor.LocalTaskHandler - Launch cmd line: /bin/bash -ue .command.run
Jan-19 16:04:57.711 [Task submitter] INFO  nextflow.Session - [66/147026] Submitted process > annotate (5)
Jan-19 16:04:57.723 [Task submitter] DEBUG nextflow.executor.LocalTaskHandler - Launch cmd line: /bin/bash -ue .command.run
Jan-19 16:04:57.724 [Task submitter] INFO  nextflow.Session - [2a/d6063d] Submitted process > annotate (7)
Jan-19 16:04:57.738 [Task submitter] DEBUG nextflow.executor.LocalTaskHandler - Launch cmd line: /bin/bash -ue .command.run
Jan-19 16:04:57.739 [Task submitter] INFO  nextflow.Session - [26/fd1335] Submitted process > annotate (3)
Jan-19 16:04:57.752 [Task submitter] DEBUG nextflow.executor.LocalTaskHandler - Launch cmd line: /bin/bash -ue .command.run
Jan-19 16:04:57.753 [Task submitter] INFO  nextflow.Session - [ba/41cde2] Submitted process > merge_local (2)
Jan-19 16:04:57.767 [Task submitter] DEBUG nextflow.executor.LocalTaskHandler - Launch cmd line: /bin/bash -ue .command.run
Jan-19 16:04:57.768 [Task submitter] INFO  nextflow.Session - [88/2bffdb] Submitted process > merge_local (1)
Jan-19 16:04:57.779 [Task submitter] DEBUG nextflow.executor.LocalTaskHandler - Launch cmd line: /bin/bash -ue .command.run
Jan-19 16:04:57.779 [Task submitter] INFO  nextflow.Session - [ab/4cd51e] Submitted process > annotate (1)
Jan-19 16:04:57.791 [Task submitter] DEBUG nextflow.executor.LocalTaskHandler - Launch cmd line: /bin/bash -ue .command.run
Jan-19 16:04:57.792 [Task submitter] INFO  nextflow.Session - [61/388c52] Submitted process > annotate (4)
Jan-19 16:04:57.803 [Task submitter] DEBUG nextflow.executor.LocalTaskHandler - Launch cmd line: /bin/bash -ue .command.run
Jan-19 16:04:57.804 [Task submitter] INFO  nextflow.Session - [49/95429e] Submitted process > vartpype (1)
Jan-19 16:05:02.196 [Task monitor] DEBUG n.processor.TaskPollingMonitor - Task completed > TaskHandler[id: 69; name: vartpype (1); status: COMPLETED; exit: 255; error: -; workDir: /Users/subinpark/Downloads/nextflow_cloud/work/49/95429e02240b0ed0168435f334192b]
Jan-19 16:05:02.222 [Task monitor] ERROR nextflow.processor.TaskProcessor - Error executing process > 'vartpype (1)'

Caused by:
  Process `vartpype (1)` terminated with an error exit status (255)

Command executed:

  java -jar /tmp/snpEff/snpEff.jar varType final_19ANBe00D0094PfFxxx0_S11_L001.vcf > 19ANBe00D0094PfFxxx0_S11_L001_1.vartype.vcf

Command exit status:
  255

Command output:
  (empty)

Command error:
  java.lang.RuntimeException: Property: 'varType.genome' not found
  	at org.snpeff.interval.Genome.<init>(Genome.java:106)
  	at org.snpeff.snpEffect.Config.readGenomeConfig(Config.java:681)
  	at org.snpeff.snpEffect.Config.readConfig(Config.java:649)
  	at org.snpeff.snpEffect.Config.init(Config.java:480)
  	at org.snpeff.snpEffect.Config.<init>(Config.java:117)
  	at org.snpeff.SnpEff.loadConfig(SnpEff.java:451)
  	at org.snpeff.snpEffect.commandLine.SnpEffCmdEff.run(SnpEffCmdEff.java:1000)
  	at org.snpeff.snpEffect.commandLine.SnpEffCmdEff.run(SnpEffCmdEff.java:984)
  	at org.snpeff.SnpEff.run(SnpEff.java:1183)
  	at org.snpeff.SnpEff.main(SnpEff.java:162)

Work dir:
  /Users/subinpark/Downloads/nextflow_cloud/work/49/95429e02240b0ed0168435f334192b

Tip: when you have fixed the problem you can continue the execution adding the option `-resume` to the run command line
Jan-19 16:05:02.228 [Task monitor] DEBUG nextflow.Session - Session aborted -- Cause: Process `vartpype (1)` terminated with an error exit status (255)
Jan-19 16:05:02.247 [Task monitor] DEBUG nextflow.Session - The following nodes are still active:
[process] merge_local
  status=ACTIVE
  port 0: (queue) OPEN  ; channel: -
  port 1: (queue) OPEN  ; channel: -
  port 2: (cntrl) -     ; channel: $

[process] vartpype
  status=ACTIVE
  port 0: (queue) OPEN  ; channel: -
  port 1: (cntrl) -     ; channel: $

[process] filter
  status=ACTIVE
  port 0: (queue) OPEN  ; channel: -
  port 1: (cntrl) -     ; channel: $

[process] extract
  status=ACTIVE
  port 0: (queue) OPEN  ; channel: -
  port 1: (cntrl) -     ; channel: $

[process] spread
  status=ACTIVE
  port 0: (queue) OPEN  ; channel: -
  port 1: (cntrl) -     ; channel: $

Jan-19 16:05:02.248 [main] DEBUG nextflow.Session - Session await > all process finished
Jan-19 16:05:02.249 [main] DEBUG nextflow.Session - Session await > all barriers passed
Jan-19 16:05:02.254 [main] WARN  n.processor.TaskPollingMonitor - Killing pending tasks (7)
Jan-19 16:05:02.319 [main] DEBUG nextflow.trace.WorkflowStatsObserver - Workflow completed > WorkflowStats[succeededCount=0; failedCount=1; ignoredCount=0; cachedCount=61; pendingCount=0; submittedCount=0; runningCount=0; retriesCount=0; abortedCount=7; succeedDuration=0ms; failedDuration=4.3s; cachedDuration=21m 7s;loadCpus=0; loadMemory=0; peakRunning=8; peakCpus=8; peakMemory=0; ]
Jan-19 16:05:02.479 [main] DEBUG nextflow.CacheDB - Closing CacheDB done
Jan-19 16:05:02.489 [main] DEBUG nextflow.util.SpuriousDeps - AWS S3 uploader shutdown
Jan-19 16:05:02.543 [main] DEBUG nextflow.script.ScriptRunner - > Execution complete -- Goodbye
