[mpileup] 1 samples in 1 input files
Note: none of --samples-file, --ploidy or --ploidy-file given, assuming all sites are diploid
19:38:12.026 INFO  NativeLibraryLoader - Loading libgkl_compression.so from jar:file:/gatk/gatk-package-4.1.8.0-local.jar!/com/intel/gkl/native/libgkl_compression.so
19:38:13.145 INFO  HaplotypeCaller - ------------------------------------------------------------
19:38:13.153 INFO  HaplotypeCaller - The Genome Analysis Toolkit (GATK) v4.1.8.0
19:38:13.153 INFO  HaplotypeCaller - For support and documentation go to https://software.broadinstitute.org/gatk/
19:38:13.154 INFO  HaplotypeCaller - Executing as root@ef6eea2404a6 on Linux v4.19.121-linuxkit amd64
19:38:13.155 INFO  HaplotypeCaller - Java runtime: OpenJDK 64-Bit Server VM v1.8.0_275-8u275-b01-0ubuntu1~18.04-b01
19:38:13.158 INFO  HaplotypeCaller - Start Date/Time: January 19, 2021 7:38:11 PM GMT
19:38:13.159 INFO  HaplotypeCaller - ------------------------------------------------------------
19:38:13.160 INFO  HaplotypeCaller - ------------------------------------------------------------
19:38:13.162 INFO  HaplotypeCaller - HTSJDK Version: 2.22.0
19:38:13.162 INFO  HaplotypeCaller - Picard Version: 2.22.8
19:38:13.162 INFO  HaplotypeCaller - HTSJDK Defaults.COMPRESSION_LEVEL : 2
19:38:13.163 INFO  HaplotypeCaller - HTSJDK Defaults.USE_ASYNC_IO_READ_FOR_SAMTOOLS : false
19:38:13.167 INFO  HaplotypeCaller - HTSJDK Defaults.USE_ASYNC_IO_WRITE_FOR_SAMTOOLS : true
19:38:13.167 INFO  HaplotypeCaller - HTSJDK Defaults.USE_ASYNC_IO_WRITE_FOR_TRIBBLE : false
19:38:13.168 INFO  HaplotypeCaller - Deflater: IntelDeflater
19:38:13.169 INFO  HaplotypeCaller - Inflater: IntelInflater
19:38:13.170 INFO  HaplotypeCaller - GCS max retries/reopens: 20
19:38:13.170 INFO  HaplotypeCaller - Requester pays: disabled
19:38:13.172 INFO  HaplotypeCaller - Initializing engine
WARNING	2021-01-19 19:38:13	SamFiles	The index file /Users/subinpark/Downloads/nextflow_cloud/work/82/07b25f3b5acd9b19aff54d2978d67e/19ANBe00D0094PfFxxx0_S11_L001_SR.bai was found by resolving the canonical path of a symlink: /Users/subinpark/Downloads/nextflow_cloud/work/eb/ed7c0b75a0012966dbde0a035c33d1/19ANBe00D0094PfFxxx0_S11_L001_SR.bam -> /Users/subinpark/Downloads/nextflow_cloud/work/82/07b25f3b5acd9b19aff54d2978d67e/19ANBe00D0094PfFxxx0_S11_L001_SR.bam
19:38:14.151 INFO  HaplotypeCaller - Done initializing engine
19:38:14.202 INFO  HaplotypeCallerEngine - Disabling physical phasing, which is supported only for reference-model confidence output
19:38:14.237 INFO  NativeLibraryLoader - Loading libgkl_utils.so from jar:file:/gatk/gatk-package-4.1.8.0-local.jar!/com/intel/gkl/native/libgkl_utils.so
19:38:14.241 INFO  NativeLibraryLoader - Loading libgkl_pairhmm_omp.so from jar:file:/gatk/gatk-package-4.1.8.0-local.jar!/com/intel/gkl/native/libgkl_pairhmm_omp.so
19:38:14.383 INFO  IntelPairHmm - Flush-to-zero (FTZ) is enabled when running PairHMM
19:38:14.404 INFO  IntelPairHmm - Available threads: 16
19:38:14.407 INFO  IntelPairHmm - Requested threads: 4
19:38:14.408 INFO  PairHMM - Using the OpenMP multi-threaded AVX-accelerated native PairHMM implementation
19:38:14.509 INFO  ProgressMeter - Starting traversal
19:38:14.509 INFO  ProgressMeter -        Current Locus  Elapsed Minutes     Regions Processed   Regions/Minute
19:38:17.125 WARN  InbreedingCoeff - InbreedingCoeff will not be calculated; at least 10 samples must have called genotypes
19:38:25.352 INFO  ProgressMeter -           PfCRT:3110              0.2                    80            442.7
19:38:28.637 INFO  HaplotypeCaller - 69 read(s) filtered by: MappingQualityReadFilter 
0 read(s) filtered by: MappingQualityAvailableReadFilter 
0 read(s) filtered by: MappedReadFilter 
0 read(s) filtered by: NotSecondaryAlignmentReadFilter 
0 read(s) filtered by: NotDuplicateReadFilter 
0 read(s) filtered by: PassesVendorQualityCheckReadFilter 
0 read(s) filtered by: NonZeroReferenceLengthAlignmentReadFilter 
0 read(s) filtered by: GoodCigarReadFilter 
0 read(s) filtered by: WellformedReadFilter 
69 total reads filtered
19:38:28.638 INFO  ProgressMeter -          PfMDR1:3545              0.2                   102            433.2
19:38:28.638 INFO  ProgressMeter - Traversal complete. Processed 102 total regions in 0.2 minutes.
19:38:28.781 INFO  VectorLoglessPairHMM - Time spent in setup for JNI call : 0.057666707000000005
19:38:28.781 INFO  PairHMM - Total compute time in PairHMM computeLogLikelihoods() : 0.6430214670000001
19:38:28.781 INFO  SmithWatermanAligner - Total compute time in java Smith-Waterman : 0.45 sec
19:38:28.782 INFO  HaplotypeCaller - Shutting down engine
[January 19, 2021 7:38:28 PM GMT] org.broadinstitute.hellbender.tools.walkers.haplotypecaller.HaplotypeCaller done. Elapsed time: 0.28 minutes.
Runtime.totalMemory()=610271232
Using GATK jar /gatk/gatk-package-4.1.8.0-local.jar
Running:
    java -Dsamjdk.use_async_io_read_samtools=false -Dsamjdk.use_async_io_write_samtools=true -Dsamjdk.use_async_io_write_tribble=false -Dsamjdk.compression_level=2 -jar /gatk/gatk-package-4.1.8.0-local.jar HaplotypeCaller -R /Users/subinpark/Downloads/nextflow_cloud/ref/pfalciparum/6genes2.fa -I 19ANBe00D0094PfFxxx0_S11_L001_SR.bam -O 19ANBe00D0094PfFxxx0_S11_L001-2.vcf
