00:00:00	SnpEff version SnpEff 4.3t (build 2017-11-24 10:18), by Pablo Cingolani
00:00:00	Command: 'build'
00:00:00	Building database for '6genes2'
00:00:00	Reading configuration file 'data/snpEff.config'. Genome: '6genes2'
00:00:00	Reading config file: /Users/subinpark/Downloads/nextflow_cloud/data/snpEff.config
00:00:01	done
WARNING: Gene 'DHFR-TS' already added. File '/Users/subinpark/Downloads/nextflow_cloud/data/6genes2/genes.gff' line 7	'DHFR	Geneious	gene	0	1827	.	+	.	Name=DHFR-TS	gene	'
WARNING: Transcript 'DHFR-TS' already added. File '/Users/subinpark/Downloads/nextflow_cloud/data/6genes2/genes.gff' line 8	'DHFR	Geneious	mRNA	0	1827	.	+	.	Name=DHFR-TS	mRNA	'
WARNING: Gene 'K13' already added. File '/Users/subinpark/Downloads/nextflow_cloud/data/6genes2/genes.gff' line 37	'K13	Geneious	gene	0	2181	.	+	.	Name=K13	gene	'
WARNING: Transcript 'K13' already added. File '/Users/subinpark/Downloads/nextflow_cloud/data/6genes2/genes.gff' line 38	'K13	Geneious	mrna	0	2181	.	+	.	Name=K13	mRNA	'
WARNING: Gene 'coI' already added. File '/Users/subinpark/Downloads/nextflow_cloud/data/6genes2/genes.gff' line 82	'mitochondrialgenome	Geneious	gene	1932	3471	.	+	.	Name=coI	gene	'
WARNING: Gene 'CYTB' already added. File '/Users/subinpark/Downloads/nextflow_cloud/data/6genes2/genes.gff' line 83	'mitochondrialgenome	Geneious	gene	3491	4622	.	+	.	Name=CYTB	gene	'
WARNING: Gene 'coxIII' already added. File '/Users/subinpark/Downloads/nextflow_cloud/data/6genes2/genes.gff' line 84	'mitochondrialgenome	Geneious	gene	733	1573	.	-	.	Name=coxIII	gene	'
WARNING: Transcript 'PfCRT' already added. File '/Users/subinpark/Downloads/nextflow_cloud/data/6genes2/genes.gff' line 92	'PfCRT	Geneious	mRNA	363	632	.	+	.	Name=PfCRT	mRNA;ID=bzcskIIvfech8+btxCZTp0boHZA.1603866125801.2	'
WARNING: Transcript 'PfCRT' already added. File '/Users/subinpark/Downloads/nextflow_cloud/data/6genes2/genes.gff' line 93	'PfCRT	Geneious	mRNA	811	984	.	+	.	Name=PfCRT	mRNA;ID=bzcskIIvfech8+btxCZTp0boHZA.1603866125801.2	'
WARNING: Transcript 'PfCRT' already added. File '/Users/subinpark/Downloads/nextflow_cloud/data/6genes2/genes.gff' line 94	'PfCRT	Geneious	mRNA	1156	1289	.	+	.	Name=PfCRT	mRNA;ID=bzcskIIvfech8+btxCZTp0boHZA.1603866125801.2	'
WARNING: Transcript 'PfCRT' already added. File '/Users/subinpark/Downloads/nextflow_cloud/data/6genes2/genes.gff' line 95	'PfCRT	Geneious	mRNA	1442	1514	.	+	.	Name=PfCRT	mRNA;ID=bzcskIIvfech8+btxCZTp0boHZA.1603866125801.2	'
WARNING: Transcript 'PfCRT' already added. File '/Users/subinpark/Downloads/nextflow_cloud/data/6genes2/genes.gff' line 96	'PfCRT	Geneious	mRNA	1637	1713	.	+	.	Name=PfCRT	mRNA;ID=bzcskIIvfech8+btxCZTp0boHZA.1603866125801.2	'
WARNING: Transcript 'PfCRT' already added. File '/Users/subinpark/Downloads/nextflow_cloud/data/6genes2/genes.gff' line 97	'PfCRT	Geneious	mRNA	1809	1892	.	+	.	Name=PfCRT	mRNA;ID=bzcskIIvfech8+btxCZTp0boHZA.1603866125801.2	'
WARNING: Transcript 'PfCRT' already added. File '/Users/subinpark/Downloads/nextflow_cloud/data/6genes2/genes.gff' line 98	'PfCRT	Geneious	mRNA	2019	2070	.	+	.	Name=PfCRT	mRNA;ID=bzcskIIvfech8+btxCZTp0boHZA.1603866125801.2	'
WARNING: Transcript 'PfCRT' already added. File '/Users/subinpark/Downloads/nextflow_cloud/data/6genes2/genes.gff' line 99	'PfCRT	Geneious	mRNA	2207	2264	.	+	.	Name=PfCRT	mRNA;ID=bzcskIIvfech8+btxCZTp0boHZA.1603866125801.2	'
WARNING: Transcript 'PfCRT' already added. File '/Users/subinpark/Downloads/nextflow_cloud/data/6genes2/genes.gff' line 100	'PfCRT	Geneious	mRNA	2412	2505	.	+	.	Name=PfCRT	mRNA;ID=bzcskIIvfech8+btxCZTp0boHZA.1603866125801.2	'
WARNING: Transcript 'PfCRT' already added. File '/Users/subinpark/Downloads/nextflow_cloud/data/6genes2/genes.gff' line 101	'PfCRT	Geneious	mRNA	2698	2743	.	+	.	Name=PfCRT	mRNA;ID=bzcskIIvfech8+btxCZTp0boHZA.1603866125801.2	'
WARNING: Transcript 'PfCRT' already added. File '/Users/subinpark/Downloads/nextflow_cloud/data/6genes2/genes.gff' line 102	'PfCRT	Geneious	mRNA	2890	2945	.	+	.	Name=PfCRT	mRNA;ID=bzcskIIvfech8+btxCZTp0boHZA.1603866125801.2	'
WARNING: Transcript 'PfCRT' already added. File '/Users/subinpark/Downloads/nextflow_cloud/data/6genes2/genes.gff' line 103	'PfCRT	Geneious	mRNA	3114	3191	.	+	.	Name=PfCRT	mRNA;ID=bzcskIIvfech8+btxCZTp0boHZA.1603866125801.2	'
WARNING: Gene 'PfMDR1' already added. File '/Users/subinpark/Downloads/nextflow_cloud/data/6genes2/genes.gff' line 175	'PfMDR1	Geneious	gene	0	4260	.	+	.	Name=PfMDR1	gene	'
WARNING: Transcript 'PfMDR1' already added. File '/Users/subinpark/Downloads/nextflow_cloud/data/6genes2/genes.gff' line 176	'PfMDR1	Geneious	mRNA	0	4260	.	+	.	Name=PfMDR1	mRNA	'
WARNING: All frames are zero! This seems rather odd, please check that 'frame' information in your 'genes' file is accurate.
.00:00:01	Caracterizing exons by splicing (stage 1) : 

00:00:01	Caracterizing exons by splicing (stage 2) : 
00:00:01	done.
00:00:01	[Optional] Rare amino acid annotations
00:00:01	Warning: Cannot read optional protein sequence file '/Users/subinpark/Downloads/nextflow_cloud/data/6genes2/protein.fa', nothing done.
00:00:01	Saving database
00:00:01	[Optional] Reading regulation elements: GFF
00:00:01	Warning: Cannot read optional regulation file '/Users/subinpark/Downloads/nextflow_cloud/data/6genes2/regulation.gff', nothing done.
00:00:01	[Optional] Reading regulation elements: BED 
00:00:01	Cannot find optional regulation dir '/Users/subinpark/Downloads/nextflow_cloud/data/6genes2/regulation.bed/', nothing done.
00:00:01	[Optional] Reading motifs: GFF
00:00:01	Warning: Cannot open PWMs file /Users/subinpark/Downloads/nextflow_cloud/data/6genes2/pwms.bin. Nothing done
00:00:01	Done
00:00:01	Logging
