[mpileup] 1 samples in 1 input files
Note: none of --samples-file, --ploidy or --ploidy-file given, assuming all sites are diploid
19:38:12.060 INFO  NativeLibraryLoader - Loading libgkl_compression.so from jar:file:/gatk/gatk-package-4.1.8.0-local.jar!/com/intel/gkl/native/libgkl_compression.so
19:38:13.084 INFO  HaplotypeCaller - ------------------------------------------------------------
19:38:13.085 INFO  HaplotypeCaller - The Genome Analysis Toolkit (GATK) v4.1.8.0
19:38:13.086 INFO  HaplotypeCaller - For support and documentation go to https://software.broadinstitute.org/gatk/
19:38:13.088 INFO  HaplotypeCaller - Executing as root@87d6ad8119fa on Linux v4.19.121-linuxkit amd64
19:38:13.089 INFO  HaplotypeCaller - Java runtime: OpenJDK 64-Bit Server VM v1.8.0_275-8u275-b01-0ubuntu1~18.04-b01
19:38:13.090 INFO  HaplotypeCaller - Start Date/Time: January 19, 2021 7:38:11 PM GMT
19:38:13.091 INFO  HaplotypeCaller - ------------------------------------------------------------
19:38:13.092 INFO  HaplotypeCaller - ------------------------------------------------------------
19:38:13.094 INFO  HaplotypeCaller - HTSJDK Version: 2.22.0
19:38:13.094 INFO  HaplotypeCaller - Picard Version: 2.22.8
19:38:13.094 INFO  HaplotypeCaller - HTSJDK Defaults.COMPRESSION_LEVEL : 2
19:38:13.094 INFO  HaplotypeCaller - HTSJDK Defaults.USE_ASYNC_IO_READ_FOR_SAMTOOLS : false
19:38:13.095 INFO  HaplotypeCaller - HTSJDK Defaults.USE_ASYNC_IO_WRITE_FOR_SAMTOOLS : true
19:38:13.095 INFO  HaplotypeCaller - HTSJDK Defaults.USE_ASYNC_IO_WRITE_FOR_TRIBBLE : false
19:38:13.097 INFO  HaplotypeCaller - Deflater: IntelDeflater
19:38:13.098 INFO  HaplotypeCaller - Inflater: IntelInflater
19:38:13.099 INFO  HaplotypeCaller - GCS max retries/reopens: 20
19:38:13.099 INFO  HaplotypeCaller - Requester pays: disabled
19:38:13.099 INFO  HaplotypeCaller - Initializing engine
WARNING	2021-01-19 19:38:13	SamFiles	The index file /Users/subinpark/Downloads/nextflow_cloud/work/fa/076c0b53777957daa169d6be542f87/19ANBe21D0042PfFxxx0_S40_L001_SR.bai was found by resolving the canonical path of a symlink: /Users/subinpark/Downloads/nextflow_cloud/work/88/561b139353bced459741f85a5da94f/19ANBe21D0042PfFxxx0_S40_L001_SR.bam -> /Users/subinpark/Downloads/nextflow_cloud/work/fa/076c0b53777957daa169d6be542f87/19ANBe21D0042PfFxxx0_S40_L001_SR.bam
19:38:14.285 INFO  HaplotypeCaller - Done initializing engine
19:38:14.310 INFO  HaplotypeCallerEngine - Disabling physical phasing, which is supported only for reference-model confidence output
19:38:14.444 INFO  NativeLibraryLoader - Loading libgkl_utils.so from jar:file:/gatk/gatk-package-4.1.8.0-local.jar!/com/intel/gkl/native/libgkl_utils.so
19:38:14.448 INFO  NativeLibraryLoader - Loading libgkl_pairhmm_omp.so from jar:file:/gatk/gatk-package-4.1.8.0-local.jar!/com/intel/gkl/native/libgkl_pairhmm_omp.so
19:38:14.561 INFO  IntelPairHmm - Flush-to-zero (FTZ) is enabled when running PairHMM
19:38:14.563 INFO  IntelPairHmm - Available threads: 16
19:38:14.564 INFO  IntelPairHmm - Requested threads: 4
19:38:14.567 INFO  PairHMM - Using the OpenMP multi-threaded AVX-accelerated native PairHMM implementation
19:38:14.652 INFO  ProgressMeter - Starting traversal
19:38:14.653 INFO  ProgressMeter -        Current Locus  Elapsed Minutes     Regions Processed   Regions/Minute
19:38:16.371 WARN  InbreedingCoeff - InbreedingCoeff will not be calculated; at least 10 samples must have called genotypes
19:38:17.004 INFO  HaplotypeCaller - 4 read(s) filtered by: MappingQualityReadFilter 
0 read(s) filtered by: MappingQualityAvailableReadFilter 
0 read(s) filtered by: MappedReadFilter 
0 read(s) filtered by: NotSecondaryAlignmentReadFilter 
0 read(s) filtered by: NotDuplicateReadFilter 
0 read(s) filtered by: PassesVendorQualityCheckReadFilter 
0 read(s) filtered by: NonZeroReferenceLengthAlignmentReadFilter 
0 read(s) filtered by: GoodCigarReadFilter 
0 read(s) filtered by: WellformedReadFilter 
4 total reads filtered
19:38:17.009 INFO  ProgressMeter -          PfMDR1:3001              0.0                    74           1884.6
19:38:17.011 INFO  ProgressMeter - Traversal complete. Processed 74 total regions in 0.0 minutes.
19:38:17.077 INFO  VectorLoglessPairHMM - Time spent in setup for JNI call : 2.2792800000000002E-4
19:38:17.077 INFO  PairHMM - Total compute time in PairHMM computeLogLikelihoods() : 0.022603515
19:38:17.078 INFO  SmithWatermanAligner - Total compute time in java Smith-Waterman : 0.00 sec
19:38:17.078 INFO  HaplotypeCaller - Shutting down engine
[January 19, 2021 7:38:17 PM GMT] org.broadinstitute.hellbender.tools.walkers.haplotypecaller.HaplotypeCaller done. Elapsed time: 0.09 minutes.
Runtime.totalMemory()=634388480
Using GATK jar /gatk/gatk-package-4.1.8.0-local.jar
Running:
    java -Dsamjdk.use_async_io_read_samtools=false -Dsamjdk.use_async_io_write_samtools=true -Dsamjdk.use_async_io_write_tribble=false -Dsamjdk.compression_level=2 -jar /gatk/gatk-package-4.1.8.0-local.jar HaplotypeCaller -R /Users/subinpark/Downloads/nextflow_cloud/ref/pfalciparum/6genes2.fa -I 19ANBe21D0042PfFxxx0_S40_L001_SR.bam -O 19ANBe21D0042PfFxxx0_S40_L001-2.vcf
