INFO	2021-01-19 20:59:16	MergeVcfs	

********** NOTE: Picard's command line syntax is changing.
**********
********** For more information, please see:
********** https://github.com/broadinstitute/picard/wiki/Command-Line-Syntax-Transition-For-Users-(Pre-Transition)
**********
********** The command line looks like this in the new syntax:
**********
**********    MergeVcfs -I vcf_path1 -I vcf_path2 -I vcf_path3 -O final_19ANBe00D0094PfFxxx0_S11_L001.vcf
**********


20:59:17.185 INFO  NativeLibraryLoader - Loading libgkl_compression.so from jar:file:/usr/picard/picard.jar!/com/intel/gkl/native/libgkl_compression.so
[Tue Jan 19 20:59:17 UTC 2021] MergeVcfs INPUT=[vcf_path1, vcf_path2, vcf_path3] OUTPUT=final_19ANBe00D0094PfFxxx0_S11_L001.vcf    VERBOSITY=INFO QUIET=false VALIDATION_STRINGENCY=STRICT COMPRESSION_LEVEL=5 MAX_RECORDS_IN_RAM=500000 CREATE_INDEX=true CREATE_MD5_FILE=false GA4GH_CLIENT_SECRETS=client_secrets.json USE_JDK_DEFLATER=false USE_JDK_INFLATER=false
[Tue Jan 19 20:59:17 UTC 2021] Executing as root@1572f957fe05 on Linux 4.19.121-linuxkit amd64; OpenJDK 64-Bit Server VM 1.8.0_275-b01; Deflater: Intel; Inflater: Intel; Provider GCS is not available; Picard version: 2.24.0-1-g74a85ab-SNAPSHOT
[Tue Jan 19 20:59:17 UTC 2021] picard.vcf.MergeVcfs done. Elapsed time: 0.00 minutes.
Runtime.totalMemory()=504889344
To get help, see http://broadinstitute.github.io/picard/index.html#GettingHelp
Exception in thread "main" java.lang.IllegalArgumentException: had trouble reading from file:///Users/subinpark/Downloads/nextflow_cloud/work/e5/ef3b091e466c82a710071e450775c6/vcf_path3
	at htsjdk.samtools.util.IOUtil.unrollPaths(IOUtil.java:1191)
	at htsjdk.samtools.util.IOUtil.unrollFiles(IOUtil.java:1146)
	at picard.vcf.MergeVcfs.doWork(MergeVcfs.java:166)
	at picard.cmdline.CommandLineProgram.instanceMain(CommandLineProgram.java:304)
	at picard.cmdline.PicardCommandLine.instanceMain(PicardCommandLine.java:103)
	at picard.cmdline.PicardCommandLine.main(PicardCommandLine.java:113)
Caused by: java.nio.file.NoSuchFileException: vcf_path3
	at sun.nio.fs.UnixException.translateToIOException(UnixException.java:86)
	at sun.nio.fs.UnixException.rethrowAsIOException(UnixException.java:102)
	at sun.nio.fs.UnixException.rethrowAsIOException(UnixException.java:107)
	at sun.nio.fs.UnixFileSystemProvider.newByteChannel(UnixFileSystemProvider.java:214)
	at java.nio.file.Files.newByteChannel(Files.java:361)
	at java.nio.file.Files.newByteChannel(Files.java:407)
	at java.nio.file.spi.FileSystemProvider.newInputStream(FileSystemProvider.java:384)
	at java.nio.file.Files.newInputStream(Files.java:152)
	at java.nio.file.Files.newBufferedReader(Files.java:2784)
	at java.nio.file.Files.lines(Files.java:3744)
	at java.nio.file.Files.lines(Files.java:3785)
	at htsjdk.samtools.util.IOUtil.unrollPaths(IOUtil.java:1176)
	... 5 more
